wandb: Currently logged in as: kaichenchai. Use `wandb login --relogin` to force relogin
wandb: wandb version 0.22.0 is available!  To upgrade, please run:
wandb:  $ pip install wandb --upgrade
wandb: Tracking run with wandb version 0.16.5
wandb: Run data is saved locally in /mnt/data/kai/VinDr_Code/Mini_VinDr_CXR_Dataset/dicom_comparison/wandb/run-20250921_131943-5qxij2ou
wandb: Run `wandb offline` to turn off syncing.
wandb: Syncing run 8b_norm_50e_finetune
wandb: ⭐️ View project at https://wandb.ai/kaichenchai/dicom_comparison
wandb: 🚀 View run at https://wandb.ai/kaichenchai/dicom_comparison/runs/5qxij2ou/workspace
/home/kai/mnt/VinDr_Subsets/cardiomegaly_subset/timm_format/8_bit_png_norm
adding greyscale tfm
Compose(
    RandomResizedCrop(size=(224, 224), scale=(0.5, 1.0), ratio=(0.75, 1.3333), interpolation=bilinear, antialias=True)
    Grayscale(num_output_channels=3)
    RandomHorizontalFlip(p=0.5)
    ToTensor()
    Normalize(mean=tensor([0.4850, 0.4560, 0.4060]), std=tensor([0.2290, 0.2240, 0.2250]))
)
adding greyscale tfm
Compose(
    Resize(size=(224, 224), interpolation=bilinear, max_size=None, antialias=True)
    Grayscale(num_output_channels=3)
    ToTensor()
    Normalize(mean=tensor([0.4850, 0.4560, 0.4060]), std=tensor([0.2290, 0.2240, 0.2250]))
)

Starting training run

Starting epoch 1
/home/kai/.conda/envs/vindr/lib/python3.12/site-packages/torch/nn/modules/conv.py:456: UserWarning: Applied workaround for CuDNN issue, install nvrtc.so (Triggered internally at /opt/conda/conda-bld/pytorch_1712609048481/work/aten/src/ATen/native/cudnn/Conv_v8.cpp:84.)
  return F.conv2d(input, weight, bias, self.stride,

train_loss_epoch: 0.6887252926826477

Starting eval epoch

eval_loss_epoch: 0.8067150712013245

accuracy: 0.6600000262260437

Starting epoch 2

train_loss_epoch: 0.5817136764526367

Starting eval epoch

eval_loss_epoch: 0.5906500816345215

accuracy: 0.699999988079071

Improvement of 0.21606498956680298 observed, resetting counter. 
Early stopping counter: 0/50

Starting epoch 3

train_loss_epoch: 0.5822740197181702

Starting eval epoch

eval_loss_epoch: 1.4081271886825562

accuracy: 0.5799999833106995
No improvement above threshold observed, incrementing counter. 
Early stopping counter: 1/50

Starting epoch 4

train_loss_epoch: 0.5150631070137024

Starting eval epoch

eval_loss_epoch: 0.5944761633872986

accuracy: 0.7200000286102295
No improvement above threshold observed, incrementing counter. 
Early stopping counter: 2/50

Starting epoch 5

train_loss_epoch: 0.542050302028656

Starting eval epoch

eval_loss_epoch: 0.510150134563446

accuracy: 0.7599999904632568

Improvement of 0.08049994707107544 observed, resetting counter. 
Early stopping counter: 0/50

Starting epoch 6

train_loss_epoch: 0.47857382893562317

Starting eval epoch

eval_loss_epoch: 0.4827665686607361

accuracy: 0.7400000095367432

Improvement of 0.02738356590270996 observed, resetting counter. 
Early stopping counter: 0/50

Starting epoch 7

train_loss_epoch: 0.4592362642288208

Starting eval epoch

eval_loss_epoch: 0.5066671967506409

accuracy: 0.7699999809265137
No improvement above threshold observed, incrementing counter. 
Early stopping counter: 1/50

Starting epoch 8

train_loss_epoch: 0.4767666161060333

Starting eval epoch

eval_loss_epoch: 0.5239763259887695

accuracy: 0.7900000214576721
No improvement above threshold observed, incrementing counter. 
Early stopping counter: 2/50

Starting epoch 9

train_loss_epoch: 0.5539449453353882

Starting eval epoch

eval_loss_epoch: 0.491153746843338

accuracy: 0.7599999904632568
No improvement above threshold observed, incrementing counter. 
Early stopping counter: 3/50

Starting epoch 10

train_loss_epoch: 0.48566439747810364

Starting eval epoch

eval_loss_epoch: 0.6557562947273254

accuracy: 0.6000000238418579
No improvement above threshold observed, incrementing counter. 
Early stopping counter: 4/50

Starting epoch 11

train_loss_epoch: 0.4972592890262604

Starting eval epoch

eval_loss_epoch: 0.5080409049987793

accuracy: 0.7799999713897705
No improvement above threshold observed, incrementing counter. 
Early stopping counter: 5/50

Starting epoch 12

train_loss_epoch: 0.4072277843952179

Starting eval epoch

eval_loss_epoch: 0.9052366018295288

accuracy: 0.6000000238418579
No improvement above threshold observed, incrementing counter. 
Early stopping counter: 6/50

Starting epoch 13

train_loss_epoch: 0.40818363428115845

Starting eval epoch

eval_loss_epoch: 0.46459007263183594

accuracy: 0.7699999809265137

Improvement of 0.018176496028900146 observed, resetting counter. 
Early stopping counter: 0/50

Starting epoch 14

train_loss_epoch: 0.4701131582260132

Starting eval epoch

eval_loss_epoch: 0.4488859474658966

accuracy: 0.8100000023841858

Improvement of 0.01570412516593933 observed, resetting counter. 
Early stopping counter: 0/50

Starting epoch 15

train_loss_epoch: 0.3978547751903534

Starting eval epoch

eval_loss_epoch: 0.6033786535263062

accuracy: 0.7200000286102295
No improvement above threshold observed, incrementing counter. 
Early stopping counter: 1/50

Starting epoch 16

train_loss_epoch: 0.40657877922058105

Starting eval epoch

eval_loss_epoch: 0.5320358872413635

accuracy: 0.75
No improvement above threshold observed, incrementing counter. 
Early stopping counter: 2/50

Starting epoch 17

train_loss_epoch: 0.44734564423561096

Starting eval epoch

eval_loss_epoch: 0.40695473551750183

accuracy: 0.8399999737739563

Improvement of 0.041931211948394775 observed, resetting counter. 
Early stopping counter: 0/50

Starting epoch 18

train_loss_epoch: 0.38426634669303894

Starting eval epoch

eval_loss_epoch: 0.3937741219997406

accuracy: 0.8399999737739563

Improvement of 0.01318061351776123 observed, resetting counter. 
Early stopping counter: 0/50

Starting epoch 19

train_loss_epoch: 0.4020848870277405

Starting eval epoch

eval_loss_epoch: 0.5213339328765869

accuracy: 0.7699999809265137
No improvement above threshold observed, incrementing counter. 
Early stopping counter: 1/50

Starting epoch 20

train_loss_epoch: 0.3736240863800049

Starting eval epoch

eval_loss_epoch: 0.4846552908420563

accuracy: 0.7200000286102295
No improvement above threshold observed, incrementing counter. 
Early stopping counter: 2/50

Starting epoch 21

train_loss_epoch: 0.33116990327835083

Starting eval epoch

eval_loss_epoch: 0.358125776052475

accuracy: 0.8100000023841858

Improvement of 0.035648345947265625 observed, resetting counter. 
Early stopping counter: 0/50

Starting epoch 22

train_loss_epoch: 0.34970518946647644

Starting eval epoch

eval_loss_epoch: 0.7653591632843018

accuracy: 0.7400000095367432
No improvement above threshold observed, incrementing counter. 
Early stopping counter: 1/50

Starting epoch 23

train_loss_epoch: 0.36648714542388916

Starting eval epoch

eval_loss_epoch: 0.3704204857349396

accuracy: 0.8600000143051147
No improvement above threshold observed, incrementing counter. 
Early stopping counter: 2/50

Starting epoch 24

train_loss_epoch: 0.3516608774662018

Starting eval epoch

eval_loss_epoch: 0.6116921901702881

accuracy: 0.6800000071525574
No improvement above threshold observed, incrementing counter. 
Early stopping counter: 3/50

Starting epoch 25

train_loss_epoch: 0.33149170875549316

Starting eval epoch

eval_loss_epoch: 0.5034425258636475

accuracy: 0.800000011920929
No improvement above threshold observed, incrementing counter. 
Early stopping counter: 4/50

Starting epoch 26

train_loss_epoch: 0.3113709092140198

Starting eval epoch

eval_loss_epoch: 0.671165406703949

accuracy: 0.6700000166893005
No improvement above threshold observed, incrementing counter. 
Early stopping counter: 5/50

Starting epoch 27

train_loss_epoch: 0.34106701612472534

Starting eval epoch

eval_loss_epoch: 0.5422934889793396

accuracy: 0.7599999904632568
No improvement above threshold observed, incrementing counter. 
Early stopping counter: 6/50

Starting epoch 28

train_loss_epoch: 0.289303719997406

Starting eval epoch

eval_loss_epoch: 0.44300898909568787

accuracy: 0.8100000023841858
No improvement above threshold observed, incrementing counter. 
Early stopping counter: 7/50

Starting epoch 29

train_loss_epoch: 0.28163519501686096

Starting eval epoch

eval_loss_epoch: 0.4959069788455963

accuracy: 0.7599999904632568
No improvement above threshold observed, incrementing counter. 
Early stopping counter: 8/50

Starting epoch 30

train_loss_epoch: 0.28889816999435425

Starting eval epoch

eval_loss_epoch: 0.39756283164024353

accuracy: 0.7900000214576721
No improvement above threshold observed, incrementing counter. 
Early stopping counter: 9/50

Starting epoch 31

train_loss_epoch: 0.299343079328537

Starting eval epoch

eval_loss_epoch: 0.535454273223877

accuracy: 0.7300000190734863
No improvement above threshold observed, incrementing counter. 
Early stopping counter: 10/50

Starting epoch 32

train_loss_epoch: 0.32245245575904846

Starting eval epoch

eval_loss_epoch: 0.5334206223487854

accuracy: 0.7300000190734863
No improvement above threshold observed, incrementing counter. 
Early stopping counter: 11/50

Starting epoch 33

train_loss_epoch: 0.2848537266254425

Starting eval epoch

eval_loss_epoch: 0.4821191132068634

accuracy: 0.8199999928474426
No improvement above threshold observed, incrementing counter. 
Early stopping counter: 12/50

Starting epoch 34

train_loss_epoch: 0.2353915572166443

Starting eval epoch

eval_loss_epoch: 0.43294528126716614

accuracy: 0.8100000023841858
No improvement above threshold observed, incrementing counter. 
Early stopping counter: 13/50

Starting epoch 35

train_loss_epoch: 0.27520453929901123

Starting eval epoch

eval_loss_epoch: 0.4881271719932556

accuracy: 0.7799999713897705
No improvement above threshold observed, incrementing counter. 
Early stopping counter: 14/50

Starting epoch 36

train_loss_epoch: 0.2648613452911377

Starting eval epoch

eval_loss_epoch: 0.4146409332752228

accuracy: 0.8199999928474426
No improvement above threshold observed, incrementing counter. 
Early stopping counter: 15/50

Starting epoch 37

train_loss_epoch: 0.2031041532754898

Starting eval epoch

eval_loss_epoch: 0.3938395380973816

accuracy: 0.8299999833106995
No improvement above threshold observed, incrementing counter. 
Early stopping counter: 16/50

Starting epoch 38

train_loss_epoch: 0.18612296879291534

Starting eval epoch

eval_loss_epoch: 0.5796054601669312

accuracy: 0.7799999713897705
No improvement above threshold observed, incrementing counter. 
Early stopping counter: 17/50

Starting epoch 39

train_loss_epoch: 0.28191816806793213

Starting eval epoch

eval_loss_epoch: 0.43374255299568176

accuracy: 0.8100000023841858
No improvement above threshold observed, incrementing counter. 
Early stopping counter: 18/50

Starting epoch 40

train_loss_epoch: 0.32790911197662354

Starting eval epoch

eval_loss_epoch: 0.8731307983398438

accuracy: 0.8199999928474426
No improvement above threshold observed, incrementing counter. 
Early stopping counter: 19/50

Starting epoch 41

train_loss_epoch: 0.2210206240415573

Starting eval epoch

eval_loss_epoch: 0.4320801794528961

accuracy: 0.8199999928474426
No improvement above threshold observed, incrementing counter. 
Early stopping counter: 20/50

Starting epoch 42

train_loss_epoch: 0.2268858402967453

Starting eval epoch

eval_loss_epoch: 0.47456076741218567

accuracy: 0.800000011920929
No improvement above threshold observed, incrementing counter. 
Early stopping counter: 21/50

Starting epoch 43

train_loss_epoch: 0.22969543933868408

Starting eval epoch

eval_loss_epoch: 0.39298081398010254

accuracy: 0.8399999737739563
No improvement above threshold observed, incrementing counter. 
Early stopping counter: 22/50

Starting epoch 44

train_loss_epoch: 0.1978752315044403

Starting eval epoch

eval_loss_epoch: 0.50071120262146

accuracy: 0.7900000214576721
No improvement above threshold observed, incrementing counter. 
Early stopping counter: 23/50

Starting epoch 45

train_loss_epoch: 0.16382743418216705

Starting eval epoch

eval_loss_epoch: 0.42130112648010254

accuracy: 0.8100000023841858
No improvement above threshold observed, incrementing counter. 
Early stopping counter: 24/50

Starting epoch 46

train_loss_epoch: 0.16348738968372345

Starting eval epoch

eval_loss_epoch: 0.8168435096740723

accuracy: 0.7200000286102295
No improvement above threshold observed, incrementing counter. 
Early stopping counter: 25/50

Starting epoch 47

train_loss_epoch: 0.20076286792755127

Starting eval epoch

eval_loss_epoch: 0.5120037198066711

accuracy: 0.7699999809265137
No improvement above threshold observed, incrementing counter. 
Early stopping counter: 26/50

Starting epoch 48

train_loss_epoch: 0.2092280387878418

Starting eval epoch

eval_loss_epoch: 0.47904616594314575

accuracy: 0.8299999833106995
No improvement above threshold observed, incrementing counter. 
Early stopping counter: 27/50

Starting epoch 49

train_loss_epoch: 0.16400587558746338

Starting eval epoch

eval_loss_epoch: 0.40501004457473755

accuracy: 0.800000011920929
No improvement above threshold observed, incrementing counter. 
Early stopping counter: 28/50

Starting epoch 50

train_loss_epoch: 0.18236015737056732

Starting eval epoch

eval_loss_epoch: 0.7420495748519897

accuracy: 0.75
No improvement above threshold observed, incrementing counter. 
Early stopping counter: 29/50

Starting epoch 51

train_loss_epoch: 0.13680726289749146

Starting eval epoch

eval_loss_epoch: 0.4345846474170685

accuracy: 0.8399999737739563
No improvement above threshold observed, incrementing counter. 
Early stopping counter: 30/50

Starting epoch 52

train_loss_epoch: 0.11492089927196503

Starting eval epoch

eval_loss_epoch: 0.6721001267433167

accuracy: 0.7799999713897705
No improvement above threshold observed, incrementing counter. 
Early stopping counter: 31/50

Starting epoch 53

train_loss_epoch: 0.10889240354299545

Starting eval epoch

eval_loss_epoch: 0.5904349684715271

accuracy: 0.800000011920929
No improvement above threshold observed, incrementing counter. 
Early stopping counter: 32/50

Starting epoch 54

train_loss_epoch: 0.17243894934654236

Starting eval epoch

eval_loss_epoch: 0.6672785878181458

accuracy: 0.8100000023841858
No improvement above threshold observed, incrementing counter. 
Early stopping counter: 33/50

Starting epoch 55

train_loss_epoch: 0.09419028460979462

Starting eval epoch

eval_loss_epoch: 0.6397741436958313

accuracy: 0.7900000214576721
No improvement above threshold observed, incrementing counter. 
Early stopping counter: 34/50

Starting epoch 56

train_loss_epoch: 0.08969920128583908

Starting eval epoch

eval_loss_epoch: 0.5683814287185669

accuracy: 0.800000011920929
No improvement above threshold observed, incrementing counter. 
Early stopping counter: 35/50

Starting epoch 57

train_loss_epoch: 0.14609308540821075

Starting eval epoch

eval_loss_epoch: 0.4490300714969635

accuracy: 0.8500000238418579
No improvement above threshold observed, incrementing counter. 
Early stopping counter: 36/50

Starting epoch 58

train_loss_epoch: 0.1279529333114624

Starting eval epoch

eval_loss_epoch: 0.565219521522522

accuracy: 0.8100000023841858
No improvement above threshold observed, incrementing counter. 
Early stopping counter: 37/50

Starting epoch 59

train_loss_epoch: 0.09115774184465408

Starting eval epoch

eval_loss_epoch: 0.4738853871822357

accuracy: 0.8199999928474426
No improvement above threshold observed, incrementing counter. 
Early stopping counter: 38/50

Starting epoch 60

train_loss_epoch: 0.0733831524848938

Starting eval epoch

eval_loss_epoch: 0.6086351871490479

accuracy: 0.8299999833106995
No improvement above threshold observed, incrementing counter. 
Early stopping counter: 39/50

Starting epoch 61

train_loss_epoch: 0.09337442368268967

Starting eval epoch

eval_loss_epoch: 0.5428632497787476

accuracy: 0.8199999928474426
No improvement above threshold observed, incrementing counter. 
Early stopping counter: 40/50

Starting epoch 62

train_loss_epoch: 0.08579665422439575

Starting eval epoch

eval_loss_epoch: 0.6374358534812927

accuracy: 0.7799999713897705
No improvement above threshold observed, incrementing counter. 
Early stopping counter: 41/50

Starting epoch 63

train_loss_epoch: 0.07236835360527039

Starting eval epoch

eval_loss_epoch: 0.4982677698135376

accuracy: 0.8299999833106995
No improvement above threshold observed, incrementing counter. 
Early stopping counter: 42/50

Starting epoch 64

train_loss_epoch: 0.08512187749147415

Starting eval epoch

eval_loss_epoch: 0.5361803770065308

accuracy: 0.8299999833106995
No improvement above threshold observed, incrementing counter. 
Early stopping counter: 43/50

Starting epoch 65

train_loss_epoch: 0.06830517947673798

Starting eval epoch

eval_loss_epoch: 0.6133228540420532

accuracy: 0.8299999833106995
No improvement above threshold observed, incrementing counter. 
Early stopping counter: 44/50

Starting epoch 66

train_loss_epoch: 0.03832120820879936

Starting eval epoch

eval_loss_epoch: 0.4732877016067505

accuracy: 0.800000011920929
No improvement above threshold observed, incrementing counter. 
Early stopping counter: 45/50

Starting epoch 67

train_loss_epoch: 0.03541519120335579

Starting eval epoch

eval_loss_epoch: 0.5022545456886292

accuracy: 0.8299999833106995
No improvement above threshold observed, incrementing counter. 
Early stopping counter: 46/50

Starting epoch 68

train_loss_epoch: 0.050270188599824905

Starting eval epoch

eval_loss_epoch: 0.5078391432762146

accuracy: 0.8199999928474426
No improvement above threshold observed, incrementing counter. 
Early stopping counter: 47/50

Starting epoch 69

train_loss_epoch: 0.03259335458278656

Starting eval epoch

eval_loss_epoch: 0.5925922989845276

accuracy: 0.8399999737739563
No improvement above threshold observed, incrementing counter. 
Early stopping counter: 48/50

Starting epoch 70

train_loss_epoch: 0.08186937123537064

Starting eval epoch

eval_loss_epoch: 0.511893093585968

accuracy: 0.8100000023841858
No improvement above threshold observed, incrementing counter. 
Early stopping counter: 49/50

Starting epoch 71

train_loss_epoch: 0.03958766162395477

Starting eval epoch

eval_loss_epoch: 0.4978035092353821

accuracy: 0.800000011920929
No improvement above threshold observed, incrementing counter. 
Early stopping counter: 50/50
Stopping training due to no improvement after 50 epochs
Finishing training run
Loading checkpoint with eval_loss_epoch: 0.358125776052475 from epoch 21
wandb: - 0.004 MB of 0.004 MB uploadedwandb: \ 0.004 MB of 0.004 MB uploadedwandb: | 0.004 MB of 0.031 MB uploadedwandb: / 0.023 MB of 0.032 MB uploadedwandb: - 0.032 MB of 0.032 MB uploadedwandb: 
wandb: Run history:
wandb:         accuracy ▁▃▃▄▆▅▆▅▃██▃▄▂▁▅▅▄▇▆▇▆▇▆▆▇▅▆█▆▇▆▇█▆████▆
wandb:  eval_loss_epoch ▇▄▄▂▃▂▃▂▄▁▁▂▆▄▅▃▂▃▂▂▁▄█▂▃▁▃▁▂▄▅▄▄▄▅▃▄▃▄▃
wandb: train_loss_epoch █▇▆▆▆▇▆▅▅▅▅▅▄▄▄▄▄▄▄▄▃▃▄▃▃▂▃▂▂▂▂▂▂▁▂▁▁▁▁▁
wandb: 
wandb: Run summary:
wandb:         accuracy 0.8
wandb:  eval_loss_epoch 0.4978
wandb: train_loss_epoch 0.03959
wandb: 
wandb: 🚀 View run 8b_norm_50e_finetune at: https://wandb.ai/kaichenchai/dicom_comparison/runs/5qxij2ou/workspace
wandb: Synced 6 W&B file(s), 0 media file(s), 0 artifact file(s) and 0 other file(s)
wandb: Find logs at: ./wandb/run-20250921_131943-5qxij2ou/logs
wandb: Currently logged in as: kaichenchai. Use `wandb login --relogin` to force relogin
wandb: wandb version 0.22.0 is available!  To upgrade, please run:
wandb:  $ pip install wandb --upgrade
wandb: Tracking run with wandb version 0.16.5
wandb: Run data is saved locally in /mnt/data/kai/VinDr_Code/Mini_VinDr_CXR_Dataset/dicom_comparison/wandb/run-20250921_133137-d7x8dazy
wandb: Run `wandb offline` to turn off syncing.
wandb: Syncing run 16b_norm_50e_finetune
wandb: ⭐️ View project at https://wandb.ai/kaichenchai/dicom_comparison
wandb: 🚀 View run at https://wandb.ai/kaichenchai/dicom_comparison/runs/d7x8dazy/workspace
/home/kai/mnt/VinDr_Subsets/cardiomegaly_subset/timm_format/16_bit_png_norm
adding greyscale tfm
Compose(
    RandomResizedCrop(size=(224, 224), scale=(0.5, 1.0), ratio=(0.75, 1.3333), interpolation=bilinear, antialias=True)
    Grayscale(num_output_channels=3)
    RandomHorizontalFlip(p=0.5)
    ToTensor()
    Normalize(mean=tensor([0.4850, 0.4560, 0.4060]), std=tensor([0.2290, 0.2240, 0.2250]))
)
adding greyscale tfm
Compose(
    Resize(size=(224, 224), interpolation=bilinear, max_size=None, antialias=True)
    Grayscale(num_output_channels=3)
    ToTensor()
    Normalize(mean=tensor([0.4850, 0.4560, 0.4060]), std=tensor([0.2290, 0.2240, 0.2250]))
)

Starting training run

Starting epoch 1
/home/kai/.conda/envs/vindr/lib/python3.12/site-packages/torch/nn/modules/conv.py:456: UserWarning: Applied workaround for CuDNN issue, install nvrtc.so (Triggered internally at /opt/conda/conda-bld/pytorch_1712609048481/work/aten/src/ATen/native/cudnn/Conv_v8.cpp:84.)
  return F.conv2d(input, weight, bias, self.stride,

train_loss_epoch: 0.7201352715492249

Starting eval epoch

eval_loss_epoch: 0.6513121724128723

accuracy: 0.6299999952316284

Starting epoch 2

train_loss_epoch: 0.6832523941993713

Starting eval epoch

eval_loss_epoch: 0.7455058097839355

accuracy: 0.7099999785423279
No improvement above threshold observed, incrementing counter. 
Early stopping counter: 1/50

Starting epoch 3

train_loss_epoch: 0.6697474718093872

Starting eval epoch

eval_loss_epoch: 0.8479002118110657

accuracy: 0.7099999785423279
No improvement above threshold observed, incrementing counter. 
Early stopping counter: 2/50

Starting epoch 4

train_loss_epoch: 0.6642303466796875

Starting eval epoch

eval_loss_epoch: 0.7086381316184998

accuracy: 0.699999988079071
No improvement above threshold observed, incrementing counter. 
Early stopping counter: 3/50

Starting epoch 5

train_loss_epoch: 0.6742429137229919

Starting eval epoch

eval_loss_epoch: 1.1249091625213623

accuracy: 0.6200000047683716
No improvement above threshold observed, incrementing counter. 
Early stopping counter: 4/50

Starting epoch 6

train_loss_epoch: 0.6802206635475159

Starting eval epoch

eval_loss_epoch: 0.6814739108085632

accuracy: 0.5199999809265137
No improvement above threshold observed, incrementing counter. 
Early stopping counter: 5/50

Starting epoch 7

train_loss_epoch: 0.6871404051780701

Starting eval epoch

eval_loss_epoch: 0.6683285236358643

accuracy: 0.5600000023841858
No improvement above threshold observed, incrementing counter. 
Early stopping counter: 6/50

Starting epoch 8

train_loss_epoch: 0.6597132682800293

Starting eval epoch

eval_loss_epoch: 0.666317880153656

accuracy: 0.7099999785423279
No improvement above threshold observed, incrementing counter. 
Early stopping counter: 7/50

Starting epoch 9

train_loss_epoch: 0.6869999170303345

Starting eval epoch

eval_loss_epoch: 0.7554866671562195

accuracy: 0.5600000023841858
No improvement above threshold observed, incrementing counter. 
Early stopping counter: 8/50

Starting epoch 10

train_loss_epoch: 0.6690305471420288

Starting eval epoch

eval_loss_epoch: 0.677660346031189

accuracy: 0.5899999737739563
No improvement above threshold observed, incrementing counter. 
Early stopping counter: 9/50

Starting epoch 11

train_loss_epoch: 0.6681022644042969

Starting eval epoch

eval_loss_epoch: 0.6444615125656128

accuracy: 0.6899999976158142
No improvement above threshold observed, incrementing counter. 
Early stopping counter: 10/50

Starting epoch 12

train_loss_epoch: 0.6823331713676453

Starting eval epoch

eval_loss_epoch: 0.6234121322631836

accuracy: 0.699999988079071

Improvement of 0.02790004014968872 observed, resetting counter. 
Early stopping counter: 0/50

Starting epoch 13

train_loss_epoch: 0.657915472984314

Starting eval epoch

eval_loss_epoch: 0.5992193818092346

accuracy: 0.699999988079071

Improvement of 0.024192750453948975 observed, resetting counter. 
Early stopping counter: 0/50

Starting epoch 14

train_loss_epoch: 0.6727543473243713

Starting eval epoch

eval_loss_epoch: 0.6380776762962341

accuracy: 0.699999988079071
No improvement above threshold observed, incrementing counter. 
Early stopping counter: 1/50

Starting epoch 15

train_loss_epoch: 0.6662755012512207

Starting eval epoch

eval_loss_epoch: 0.6095279455184937

accuracy: 0.699999988079071
No improvement above threshold observed, incrementing counter. 
Early stopping counter: 2/50

Starting epoch 16

train_loss_epoch: 0.6785529255867004

Starting eval epoch

eval_loss_epoch: 0.6021548509597778

accuracy: 0.6899999976158142
No improvement above threshold observed, incrementing counter. 
Early stopping counter: 3/50

Starting epoch 17

train_loss_epoch: 0.6620765924453735

Starting eval epoch

eval_loss_epoch: 0.5932168364524841

accuracy: 0.7300000190734863
No improvement above threshold observed, incrementing counter. 
Early stopping counter: 4/50

Starting epoch 18

train_loss_epoch: 0.676788330078125

Starting eval epoch

eval_loss_epoch: 0.6781017184257507

accuracy: 0.5899999737739563
No improvement above threshold observed, incrementing counter. 
Early stopping counter: 5/50

Starting epoch 19

train_loss_epoch: 0.6903297901153564

Starting eval epoch

eval_loss_epoch: 0.7182778716087341

accuracy: 0.47999998927116394
No improvement above threshold observed, incrementing counter. 
Early stopping counter: 6/50

Starting epoch 20

train_loss_epoch: 0.69129478931427

Starting eval epoch

eval_loss_epoch: 0.6597363948822021

accuracy: 0.5600000023841858
No improvement above threshold observed, incrementing counter. 
Early stopping counter: 7/50

Starting epoch 21

train_loss_epoch: 0.6717751026153564

Starting eval epoch

eval_loss_epoch: 0.6294422149658203

accuracy: 0.6800000071525574
No improvement above threshold observed, incrementing counter. 
Early stopping counter: 8/50

Starting epoch 22

train_loss_epoch: 0.6575145721435547

Starting eval epoch

eval_loss_epoch: 0.5592189431190491

accuracy: 0.75

Improvement of 0.04000043869018555 observed, resetting counter. 
Early stopping counter: 0/50

Starting epoch 23

train_loss_epoch: 0.6598156690597534

Starting eval epoch

eval_loss_epoch: 0.6250423789024353

accuracy: 0.6899999976158142
No improvement above threshold observed, incrementing counter. 
Early stopping counter: 1/50

Starting epoch 24

train_loss_epoch: 0.6729112863540649

Starting eval epoch

eval_loss_epoch: 0.6217109560966492

accuracy: 0.75
No improvement above threshold observed, incrementing counter. 
Early stopping counter: 2/50

Starting epoch 25

train_loss_epoch: 0.689767599105835

Starting eval epoch

eval_loss_epoch: 0.7497463226318359

accuracy: 0.699999988079071
No improvement above threshold observed, incrementing counter. 
Early stopping counter: 3/50

Starting epoch 26

train_loss_epoch: 0.6945372223854065

Starting eval epoch

eval_loss_epoch: 0.658897876739502

accuracy: 0.7599999904632568
No improvement above threshold observed, incrementing counter. 
Early stopping counter: 4/50

Starting epoch 27

train_loss_epoch: 0.6692265868186951

Starting eval epoch

eval_loss_epoch: 0.645186185836792

accuracy: 0.6499999761581421
No improvement above threshold observed, incrementing counter. 
Early stopping counter: 5/50

Starting epoch 28

train_loss_epoch: 0.6661087274551392

Starting eval epoch

eval_loss_epoch: 0.6233015656471252

accuracy: 0.6899999976158142
No improvement above threshold observed, incrementing counter. 
Early stopping counter: 6/50

Starting epoch 29

train_loss_epoch: 0.6402547359466553

Starting eval epoch

eval_loss_epoch: 0.6168338656425476

accuracy: 0.6800000071525574
No improvement above threshold observed, incrementing counter. 
Early stopping counter: 7/50

Starting epoch 30

train_loss_epoch: 0.6816141605377197

Starting eval epoch

eval_loss_epoch: 0.6570746898651123

accuracy: 0.6700000166893005
No improvement above threshold observed, incrementing counter. 
Early stopping counter: 8/50

Starting epoch 31

train_loss_epoch: 0.6561097502708435

Starting eval epoch

eval_loss_epoch: 0.5931892991065979

accuracy: 0.699999988079071
No improvement above threshold observed, incrementing counter. 
Early stopping counter: 9/50

Starting epoch 32

train_loss_epoch: 0.6659716963768005

Starting eval epoch

eval_loss_epoch: 0.5987889766693115

accuracy: 0.7300000190734863
No improvement above threshold observed, incrementing counter. 
Early stopping counter: 10/50

Starting epoch 33

train_loss_epoch: 0.6678062677383423

Starting eval epoch

eval_loss_epoch: 0.6125185489654541

accuracy: 0.7200000286102295
No improvement above threshold observed, incrementing counter. 
Early stopping counter: 11/50

Starting epoch 34

train_loss_epoch: 0.6698474884033203

Starting eval epoch

eval_loss_epoch: 0.7158267498016357

accuracy: 0.6700000166893005
No improvement above threshold observed, incrementing counter. 
Early stopping counter: 12/50

Starting epoch 35

train_loss_epoch: 0.6709039211273193

Starting eval epoch

eval_loss_epoch: 0.6596360802650452

accuracy: 0.6800000071525574
No improvement above threshold observed, incrementing counter. 
Early stopping counter: 13/50

Starting epoch 36

train_loss_epoch: 0.6281187534332275

Starting eval epoch

eval_loss_epoch: 0.5932432413101196

accuracy: 0.7200000286102295
No improvement above threshold observed, incrementing counter. 
Early stopping counter: 14/50

Starting epoch 37

train_loss_epoch: 0.6727601885795593

Starting eval epoch

eval_loss_epoch: 0.5941499471664429

accuracy: 0.6499999761581421
No improvement above threshold observed, incrementing counter. 
Early stopping counter: 15/50

Starting epoch 38

train_loss_epoch: 0.6385271549224854

Starting eval epoch

eval_loss_epoch: 0.6030142903327942

accuracy: 0.75
No improvement above threshold observed, incrementing counter. 
Early stopping counter: 16/50

Starting epoch 39

train_loss_epoch: 0.6599892973899841

Starting eval epoch

eval_loss_epoch: 0.6591148376464844

accuracy: 0.6600000262260437
No improvement above threshold observed, incrementing counter. 
Early stopping counter: 17/50

Starting epoch 40

train_loss_epoch: 0.6809915900230408

Starting eval epoch

eval_loss_epoch: 0.5590135455131531

accuracy: 0.7599999904632568
No improvement above threshold observed, incrementing counter. 
Early stopping counter: 18/50

Starting epoch 41

train_loss_epoch: 0.6496784090995789

Starting eval epoch

eval_loss_epoch: 0.6065285205841064

accuracy: 0.6800000071525574
No improvement above threshold observed, incrementing counter. 
Early stopping counter: 19/50

Starting epoch 42

train_loss_epoch: 0.649476170539856

Starting eval epoch

eval_loss_epoch: 0.5886278748512268

accuracy: 0.7200000286102295
No improvement above threshold observed, incrementing counter. 
Early stopping counter: 20/50

Starting epoch 43

train_loss_epoch: 0.6438348889350891

Starting eval epoch

eval_loss_epoch: 0.5379112958908081

accuracy: 0.7699999809265137

Improvement of 0.021307647228240967 observed, resetting counter. 
Early stopping counter: 0/50

Starting epoch 44

train_loss_epoch: 0.6333590745925903

Starting eval epoch

eval_loss_epoch: 0.5783045291900635

accuracy: 0.7599999904632568
No improvement above threshold observed, incrementing counter. 
Early stopping counter: 1/50

Starting epoch 45

train_loss_epoch: 0.6508725881576538

Starting eval epoch

eval_loss_epoch: 0.58209627866745

accuracy: 0.699999988079071
No improvement above threshold observed, incrementing counter. 
Early stopping counter: 2/50

Starting epoch 46

train_loss_epoch: 0.6249884366989136

Starting eval epoch

eval_loss_epoch: 0.6008856296539307

accuracy: 0.7200000286102295
No improvement above threshold observed, incrementing counter. 
Early stopping counter: 3/50

Starting epoch 47

train_loss_epoch: 0.6620005965232849

Starting eval epoch

eval_loss_epoch: 0.5862964391708374

accuracy: 0.699999988079071
No improvement above threshold observed, incrementing counter. 
Early stopping counter: 4/50

Starting epoch 48

train_loss_epoch: 0.6211220622062683

Starting eval epoch

eval_loss_epoch: 0.5965239405632019

accuracy: 0.6899999976158142
No improvement above threshold observed, incrementing counter. 
Early stopping counter: 5/50

Starting epoch 49

train_loss_epoch: 0.6608867645263672

Starting eval epoch

eval_loss_epoch: 0.5544537305831909

accuracy: 0.7300000190734863
No improvement above threshold observed, incrementing counter. 
Early stopping counter: 6/50

Starting epoch 50

train_loss_epoch: 0.6576761603355408

Starting eval epoch

eval_loss_epoch: 0.5982703566551208

accuracy: 0.7400000095367432
No improvement above threshold observed, incrementing counter. 
Early stopping counter: 7/50

Starting epoch 51

train_loss_epoch: 0.6509262323379517

Starting eval epoch

eval_loss_epoch: 0.5633819699287415

accuracy: 0.7400000095367432
No improvement above threshold observed, incrementing counter. 
Early stopping counter: 8/50

Starting epoch 52

train_loss_epoch: 0.658295750617981

Starting eval epoch

eval_loss_epoch: 0.5830263495445251

accuracy: 0.7200000286102295
No improvement above threshold observed, incrementing counter. 
Early stopping counter: 9/50

Starting epoch 53

train_loss_epoch: 0.6577315330505371

Starting eval epoch

eval_loss_epoch: 0.5789535045623779

accuracy: 0.7099999785423279
No improvement above threshold observed, incrementing counter. 
Early stopping counter: 10/50

Starting epoch 54

train_loss_epoch: 0.6502276659011841

Starting eval epoch

eval_loss_epoch: 0.5630909204483032

accuracy: 0.8100000023841858
No improvement above threshold observed, incrementing counter. 
Early stopping counter: 11/50

Starting epoch 55

train_loss_epoch: 0.6332961916923523

Starting eval epoch

eval_loss_epoch: 0.5595260858535767

accuracy: 0.7699999809265137
No improvement above threshold observed, incrementing counter. 
Early stopping counter: 12/50

Starting epoch 56

train_loss_epoch: 0.6499638557434082

Starting eval epoch

eval_loss_epoch: 0.5525437593460083

accuracy: 0.7599999904632568
No improvement above threshold observed, incrementing counter. 
Early stopping counter: 13/50

Starting epoch 57

train_loss_epoch: 0.6364376544952393

Starting eval epoch

eval_loss_epoch: 0.5769517421722412

accuracy: 0.75
No improvement above threshold observed, incrementing counter. 
Early stopping counter: 14/50

Starting epoch 58

train_loss_epoch: 0.6363102793693542

Starting eval epoch

eval_loss_epoch: 0.5885388851165771

accuracy: 0.75
No improvement above threshold observed, incrementing counter. 
Early stopping counter: 15/50

Starting epoch 59

train_loss_epoch: 0.615957498550415

Starting eval epoch

eval_loss_epoch: 0.5677859783172607

accuracy: 0.7799999713897705
No improvement above threshold observed, incrementing counter. 
Early stopping counter: 16/50

Starting epoch 60

train_loss_epoch: 0.6331127285957336

Starting eval epoch

eval_loss_epoch: 0.5626364350318909

accuracy: 0.7599999904632568
No improvement above threshold observed, incrementing counter. 
Early stopping counter: 17/50

Starting epoch 61

train_loss_epoch: 0.6066668033599854

Starting eval epoch

eval_loss_epoch: 0.5850227475166321

accuracy: 0.7699999809265137
No improvement above threshold observed, incrementing counter. 
Early stopping counter: 18/50

Starting epoch 62

train_loss_epoch: 0.6092814207077026

Starting eval epoch

eval_loss_epoch: 0.5692588090896606

accuracy: 0.75
No improvement above threshold observed, incrementing counter. 
Early stopping counter: 19/50

Starting epoch 63

train_loss_epoch: 0.6413432955741882

Starting eval epoch

eval_loss_epoch: 0.5450538396835327

accuracy: 0.7699999809265137
No improvement above threshold observed, incrementing counter. 
Early stopping counter: 20/50

Starting epoch 64

train_loss_epoch: 0.6487144231796265

Starting eval epoch

eval_loss_epoch: 0.5402141809463501

accuracy: 0.8100000023841858
No improvement above threshold observed, incrementing counter. 
Early stopping counter: 21/50

Starting epoch 65

train_loss_epoch: 0.6412243843078613

Starting eval epoch

eval_loss_epoch: 0.5456979870796204

accuracy: 0.7900000214576721
No improvement above threshold observed, incrementing counter. 
Early stopping counter: 22/50

Starting epoch 66

train_loss_epoch: 0.6172686219215393

Starting eval epoch

eval_loss_epoch: 0.5544863939285278

accuracy: 0.7799999713897705
No improvement above threshold observed, incrementing counter. 
Early stopping counter: 23/50

Starting epoch 67

train_loss_epoch: 0.6263005137443542

Starting eval epoch

eval_loss_epoch: 0.5511053800582886

accuracy: 0.7799999713897705
No improvement above threshold observed, incrementing counter. 
Early stopping counter: 24/50

Starting epoch 68

train_loss_epoch: 0.6383342146873474

Starting eval epoch

eval_loss_epoch: 0.5584823489189148

accuracy: 0.7900000214576721
No improvement above threshold observed, incrementing counter. 
Early stopping counter: 25/50

Starting epoch 69

train_loss_epoch: 0.6276789903640747

Starting eval epoch

eval_loss_epoch: 0.5433624386787415

accuracy: 0.7799999713897705
No improvement above threshold observed, incrementing counter. 
Early stopping counter: 26/50

Starting epoch 70

train_loss_epoch: 0.6316866874694824

Starting eval epoch

eval_loss_epoch: 0.5334650278091431

accuracy: 0.7900000214576721
No improvement above threshold observed, incrementing counter. 
Early stopping counter: 27/50

Starting epoch 71

train_loss_epoch: 0.618096113204956

Starting eval epoch

eval_loss_epoch: 0.5372552871704102

accuracy: 0.7699999809265137
No improvement above threshold observed, incrementing counter. 
Early stopping counter: 28/50

Starting epoch 72

train_loss_epoch: 0.6309481859207153

Starting eval epoch

eval_loss_epoch: 0.544009804725647

accuracy: 0.7699999809265137
No improvement above threshold observed, incrementing counter. 
Early stopping counter: 29/50

Starting epoch 73

train_loss_epoch: 0.6334412097930908

Starting eval epoch

eval_loss_epoch: 0.5306602716445923

accuracy: 0.800000011920929
No improvement above threshold observed, incrementing counter. 
Early stopping counter: 30/50

Starting epoch 74

train_loss_epoch: 0.6208086013793945

Starting eval epoch

eval_loss_epoch: 0.5547693967819214

accuracy: 0.7900000214576721
No improvement above threshold observed, incrementing counter. 
Early stopping counter: 31/50

Starting epoch 75

train_loss_epoch: 0.6205686330795288

Starting eval epoch

eval_loss_epoch: 0.5391369462013245

accuracy: 0.8100000023841858
No improvement above threshold observed, incrementing counter. 
Early stopping counter: 32/50

Starting epoch 76

train_loss_epoch: 0.6255239248275757

Starting eval epoch

eval_loss_epoch: 0.5318066477775574

accuracy: 0.800000011920929
No improvement above threshold observed, incrementing counter. 
Early stopping counter: 33/50

Starting epoch 77

train_loss_epoch: 0.6127012372016907

Starting eval epoch

eval_loss_epoch: 0.531844973564148

accuracy: 0.7900000214576721
No improvement above threshold observed, incrementing counter. 
Early stopping counter: 34/50

Starting epoch 78

train_loss_epoch: 0.604855477809906

Starting eval epoch

eval_loss_epoch: 0.5324712991714478

accuracy: 0.800000011920929
No improvement above threshold observed, incrementing counter. 
Early stopping counter: 35/50

Starting epoch 79

train_loss_epoch: 0.6116667985916138

Starting eval epoch

eval_loss_epoch: 0.5308805704116821

accuracy: 0.7900000214576721
No improvement above threshold observed, incrementing counter. 
Early stopping counter: 36/50

Starting epoch 80

train_loss_epoch: 0.6223123669624329

Starting eval epoch

eval_loss_epoch: 0.5335447192192078

accuracy: 0.7900000214576721
No improvement above threshold observed, incrementing counter. 
Early stopping counter: 37/50

Starting epoch 81

train_loss_epoch: 0.6090509295463562

Starting eval epoch

eval_loss_epoch: 0.5198661088943481

accuracy: 0.75

Improvement of 0.01804518699645996 observed, resetting counter. 
Early stopping counter: 0/50

Starting epoch 82

train_loss_epoch: 0.6328834295272827

Starting eval epoch

eval_loss_epoch: 0.523991584777832

accuracy: 0.7599999904632568
No improvement above threshold observed, incrementing counter. 
Early stopping counter: 1/50

Starting epoch 83

train_loss_epoch: 0.621747612953186

Starting eval epoch

eval_loss_epoch: 0.5183250904083252

accuracy: 0.7599999904632568
No improvement above threshold observed, incrementing counter. 
Early stopping counter: 2/50

Starting epoch 84

train_loss_epoch: 0.614000678062439

Starting eval epoch

eval_loss_epoch: 0.5200105905532837

accuracy: 0.7799999713897705
No improvement above threshold observed, incrementing counter. 
Early stopping counter: 3/50

Starting epoch 85

train_loss_epoch: 0.6043674945831299

Starting eval epoch

eval_loss_epoch: 0.5218757390975952

accuracy: 0.7699999809265137
No improvement above threshold observed, incrementing counter. 
Early stopping counter: 4/50

Starting epoch 86

train_loss_epoch: 0.637782871723175

Starting eval epoch

eval_loss_epoch: 0.5251215100288391

accuracy: 0.75
No improvement above threshold observed, incrementing counter. 
Early stopping counter: 5/50

Starting epoch 87

train_loss_epoch: 0.600030243396759

Starting eval epoch

eval_loss_epoch: 0.5355009436607361

accuracy: 0.7799999713897705
No improvement above threshold observed, incrementing counter. 
Early stopping counter: 6/50

Starting epoch 88

train_loss_epoch: 0.6036338806152344

Starting eval epoch

eval_loss_epoch: 0.5291834473609924

accuracy: 0.7799999713897705
No improvement above threshold observed, incrementing counter. 
Early stopping counter: 7/50

Starting epoch 89

train_loss_epoch: 0.5802451968193054

Starting eval epoch

eval_loss_epoch: 0.542053759098053

accuracy: 0.7799999713897705
No improvement above threshold observed, incrementing counter. 
Early stopping counter: 8/50

Starting epoch 90

train_loss_epoch: 0.6273951530456543

Starting eval epoch

eval_loss_epoch: 0.5186072587966919

accuracy: 0.7699999809265137
No improvement above threshold observed, incrementing counter. 
Early stopping counter: 9/50

Starting epoch 91

train_loss_epoch: 0.6186324954032898

Starting eval epoch

eval_loss_epoch: 0.5242871046066284

accuracy: 0.7799999713897705
No improvement above threshold observed, incrementing counter. 
Early stopping counter: 10/50

Starting epoch 92

train_loss_epoch: 0.617094099521637

Starting eval epoch

eval_loss_epoch: 0.5224376320838928

accuracy: 0.7799999713897705
No improvement above threshold observed, incrementing counter. 
Early stopping counter: 11/50

Starting epoch 93

train_loss_epoch: 0.6051849126815796

Starting eval epoch

eval_loss_epoch: 0.5193691849708557

accuracy: 0.7699999809265137
No improvement above threshold observed, incrementing counter. 
Early stopping counter: 12/50

Starting epoch 94

train_loss_epoch: 0.5896447896957397

Starting eval epoch

eval_loss_epoch: 0.5198904871940613

accuracy: 0.7699999809265137
No improvement above threshold observed, incrementing counter. 
Early stopping counter: 13/50

Starting epoch 95

train_loss_epoch: 0.6127568483352661

Starting eval epoch

eval_loss_epoch: 0.5191866159439087

accuracy: 0.7699999809265137
No improvement above threshold observed, incrementing counter. 
Early stopping counter: 14/50

Starting epoch 96

train_loss_epoch: 0.615978479385376

Starting eval epoch

eval_loss_epoch: 0.5202524065971375

accuracy: 0.7699999809265137
No improvement above threshold observed, incrementing counter. 
Early stopping counter: 15/50

Starting epoch 97

train_loss_epoch: 0.6116852760314941

Starting eval epoch

eval_loss_epoch: 0.5222883820533752

accuracy: 0.7699999809265137
No improvement above threshold observed, incrementing counter. 
Early stopping counter: 16/50

Starting epoch 98

train_loss_epoch: 0.5787405967712402

Starting eval epoch

eval_loss_epoch: 0.5229806303977966

accuracy: 0.7699999809265137
No improvement above threshold observed, incrementing counter. 
Early stopping counter: 17/50

Starting epoch 99

train_loss_epoch: 0.6070319414138794

Starting eval epoch

eval_loss_epoch: 0.519532322883606

accuracy: 0.7699999809265137
No improvement above threshold observed, incrementing counter. 
Early stopping counter: 18/50

Starting epoch 100

train_loss_epoch: 0.5899479389190674

Starting eval epoch

eval_loss_epoch: 0.5141834020614624

accuracy: 0.7799999713897705
No improvement above threshold observed, incrementing counter. 
Early stopping counter: 19/50
Finishing training run
Loading checkpoint with eval_loss_epoch: 0.5141834020614624 from epoch 100
wandb: - 0.004 MB of 0.004 MB uploadedwandb: \ 0.004 MB of 0.038 MB uploadedwandb: | 0.004 MB of 0.038 MB uploadedwandb: / 0.038 MB of 0.038 MB uploadedwandb: 
wandb: Run history:
wandb:         accuracy ▄▆▁▆▅▅▅▃▅▅▇▅▅▅▆▄▅▇▆▆▆█▇▇▇█▇▇▇███▇▇▇▇▇▇▇▇
wandb:  eval_loss_epoch ▄█▅▄▄▃▃▄▃▃▄▃▃▅▃▄▃▂▃▂▂▂▂▂▂▂▂▂▂▂▁▁▁▁▁▂▁▁▁▁
wandb: train_loss_epoch █▅▆▅▅▅▆▆▆▅▇▅▅▅▃▅▄▄▃▅▅▅▄▃▂▄▃▃▄▃▃▃▄▃▂▁▃▁▃▁
wandb: 
wandb: Run summary:
wandb:         accuracy 0.78
wandb:  eval_loss_epoch 0.51418
wandb: train_loss_epoch 0.58995
wandb: 
wandb: 🚀 View run 16b_norm_50e_finetune at: https://wandb.ai/kaichenchai/dicom_comparison/runs/d7x8dazy/workspace
wandb: Synced 6 W&B file(s), 0 media file(s), 0 artifact file(s) and 0 other file(s)
wandb: Find logs at: ./wandb/run-20250921_133137-d7x8dazy/logs
Exception in thread NetStatThr:
Traceback (most recent call last):
  File "/home/kai/.conda/envs/vindr/lib/python3.12/threading.py", line 1073, in _bootstrap_inner
    self.run()
  File "/home/kai/.conda/envs/vindr/lib/python3.12/threading.py", line 1010, in run
    self._target(*self._args, **self._kwargs)
  File "/home/kai/.conda/envs/vindr/lib/python3.12/site-packages/wandb/sdk/wandb_run.py", line 268, in check_network_status
Exception in thread ChkStopThr:
    self._loop_check_status(
Traceback (most recent call last):
  File "/home/kai/.conda/envs/vindr/lib/python3.12/site-packages/wandb/sdk/wandb_run.py", line 224, in _loop_check_status
  File "/home/kai/.conda/envs/vindr/lib/python3.12/threading.py", line 1073, in _bootstrap_inner
    local_handle = request()
                   ^^^^^^^^^
  File "/home/kai/.conda/envs/vindr/lib/python3.12/site-packages/wandb/sdk/interface/interface.py", line 836, in deliver_network_status
    return self._deliver_network_status(status)
    self.run()
           ^^^^^^^^^^^^^^^^^^^^^^^^^^^^^^^^^^^^
  File "/home/kai/.conda/envs/vindr/lib/python3.12/threading.py", line 1010, in run
  File "/home/kai/.conda/envs/vindr/lib/python3.12/site-packages/wandb/sdk/interface/interface_shared.py", line 510, in _deliver_network_status
    self._target(*self._args, **self._kwargs)
  File "/home/kai/.conda/envs/vindr/lib/python3.12/site-packages/wandb/sdk/wandb_run.py", line 286, in check_stop_status
    self._loop_check_status(
  File "/home/kai/.conda/envs/vindr/lib/python3.12/site-packages/wandb/sdk/wandb_run.py", line 224, in _loop_check_status
    return self._deliver_record(record)
           ^^^^^^^^^^^^^^^^^^^^^^^^^^^^
    local_handle = request()
  File "/home/kai/.conda/envs/vindr/lib/python3.12/site-packages/wandb/sdk/interface/interface_shared.py", line 459, in _deliver_record
                   ^^^^^^^^^
  File "/home/kai/.conda/envs/vindr/lib/python3.12/site-packages/wandb/sdk/interface/interface.py", line 828, in deliver_stop_status
    handle = mailbox._deliver_record(record, interface=self)
             ^^^^^^^^^^^^^^^^^^^^^^^^^^^^^^^^^^^^^^^^^^^^^^^
    return self._deliver_stop_status(status)
  File "/home/kai/.conda/envs/vindr/lib/python3.12/site-packages/wandb/sdk/lib/mailbox.py", line 455, in _deliver_record
           ^^^^^^^^^^^^^^^^^^^^^^^^^^^^^^^^^
  File "/home/kai/.conda/envs/vindr/lib/python3.12/site-packages/wandb/sdk/interface/interface_shared.py", line 494, in _deliver_stop_status
    interface._publish(record)
  File "/home/kai/.conda/envs/vindr/lib/python3.12/site-packages/wandb/sdk/interface/interface_sock.py", line 51, in _publish
    return self._deliver_record(record)
           ^^^^^^^^^^^^^^^^^^^^^^^^^^^^
  File "/home/kai/.conda/envs/vindr/lib/python3.12/site-packages/wandb/sdk/interface/interface_shared.py", line 459, in _deliver_record
    self._sock_client.send_record_publish(record)
    handle = mailbox._deliver_record(record, interface=self)
  File "/home/kai/.conda/envs/vindr/lib/python3.12/site-packages/wandb/sdk/lib/sock_client.py", line 221, in send_record_publish
             ^^^^^^^^^^^^^^^^^^^^^^^^^^^^^^^^^^^^^^^^^^^^^^^
  File "/home/kai/.conda/envs/vindr/lib/python3.12/site-packages/wandb/sdk/lib/mailbox.py", line 455, in _deliver_record
    self.send_server_request(server_req)
  File "/home/kai/.conda/envs/vindr/lib/python3.12/site-packages/wandb/sdk/lib/sock_client.py", line 155, in send_server_request
    interface._publish(record)
  File "/home/kai/.conda/envs/vindr/lib/python3.12/site-packages/wandb/sdk/interface/interface_sock.py", line 51, in _publish
    self._send_message(msg)
  File "/home/kai/.conda/envs/vindr/lib/python3.12/site-packages/wandb/sdk/lib/sock_client.py", line 152, in _send_message
    self._sock_client.send_record_publish(record)
  File "/home/kai/.conda/envs/vindr/lib/python3.12/site-packages/wandb/sdk/lib/sock_client.py", line 221, in send_record_publish
    self.send_server_request(server_req)
  File "/home/kai/.conda/envs/vindr/lib/python3.12/site-packages/wandb/sdk/lib/sock_client.py", line 155, in send_server_request
    self._send_message(msg)
    self._sendall_with_error_handle(header + data)
  File "/home/kai/.conda/envs/vindr/lib/python3.12/site-packages/wandb/sdk/lib/sock_client.py", line 152, in _send_message
  File "/home/kai/.conda/envs/vindr/lib/python3.12/site-packages/wandb/sdk/lib/sock_client.py", line 130, in _sendall_with_error_handle
    self._sendall_with_error_handle(header + data)
  File "/home/kai/.conda/envs/vindr/lib/python3.12/site-packages/wandb/sdk/lib/sock_client.py", line 130, in _sendall_with_error_handle
    sent = self._sock.send(data)
           ^^^^^^^^^^^^^^^^^^^^^
BrokenPipeError: [Errno 32] Broken pipe
    sent = self._sock.send(data)
           ^^^^^^^^^^^^^^^^^^^^^
BrokenPipeError: [Errno 32] Broken pipe
wandb: Currently logged in as: kaichenchai. Use `wandb login --relogin` to force relogin
wandb: wandb version 0.22.0 is available!  To upgrade, please run:
wandb:  $ pip install wandb --upgrade
wandb: Tracking run with wandb version 0.16.5
wandb: Run data is saved locally in /mnt/data/kai/VinDr_Code/Mini_VinDr_CXR_Dataset/dicom_comparison/wandb/run-20250921_134845-0xj0zjv2
wandb: Run `wandb offline` to turn off syncing.
wandb: Syncing run 16b_norm_50e_finetune
wandb: ⭐️ View project at https://wandb.ai/kaichenchai/dicom_comparison
wandb: 🚀 View run at https://wandb.ai/kaichenchai/dicom_comparison/runs/0xj0zjv2/workspace
/home/kai/mnt/VinDr_Subsets/cardiomegaly_subset/timm_format/16_bit_png_norm
adding greyscale tfm
Compose(
    RandomResizedCrop(size=(224, 224), scale=(0.5, 1.0), ratio=(0.75, 1.3333), interpolation=bilinear, antialias=True)
    Grayscale(num_output_channels=3)
    RandomHorizontalFlip(p=0.5)
    ToTensor()
    Normalize(mean=tensor([0.4850, 0.4560, 0.4060]), std=tensor([0.2290, 0.2240, 0.2250]))
)
adding greyscale tfm
Compose(
    Resize(size=(224, 224), interpolation=bilinear, max_size=None, antialias=True)
    Grayscale(num_output_channels=3)
    ToTensor()
    Normalize(mean=tensor([0.4850, 0.4560, 0.4060]), std=tensor([0.2290, 0.2240, 0.2250]))
)

Starting training run

Starting epoch 1
/home/kai/.conda/envs/vindr/lib/python3.12/site-packages/torch/nn/modules/conv.py:456: UserWarning: Applied workaround for CuDNN issue, install nvrtc.so (Triggered internally at /opt/conda/conda-bld/pytorch_1712609048481/work/aten/src/ATen/native/cudnn/Conv_v8.cpp:84.)
  return F.conv2d(input, weight, bias, self.stride,

train_loss_epoch: 0.734131395816803

Starting eval epoch

eval_loss_epoch: 0.7733151316642761

accuracy: 0.6299999952316284

Starting epoch 2

train_loss_epoch: 0.6891950368881226

Starting eval epoch

eval_loss_epoch: 0.7924553155899048

accuracy: 0.6299999952316284
No improvement above threshold observed, incrementing counter. 
Early stopping counter: 1/50

Starting epoch 3

train_loss_epoch: 0.6838210821151733

Starting eval epoch

eval_loss_epoch: 0.8493857383728027

accuracy: 0.6700000166893005
No improvement above threshold observed, incrementing counter. 
Early stopping counter: 2/50

Starting epoch 4

train_loss_epoch: 0.6690434217453003

Starting eval epoch

eval_loss_epoch: 0.6735401749610901

accuracy: 0.6000000238418579

Improvement of 0.09977495670318604 observed, resetting counter. 
Early stopping counter: 0/50

Starting epoch 5

train_loss_epoch: 0.6637507677078247

Starting eval epoch

eval_loss_epoch: 1.0185422897338867

accuracy: 0.6600000262260437
No improvement above threshold observed, incrementing counter. 
Early stopping counter: 1/50

Starting epoch 6

train_loss_epoch: 0.6843625903129578

Starting eval epoch

eval_loss_epoch: 0.6560011506080627

accuracy: 0.6800000071525574

Improvement of 0.017539024353027344 observed, resetting counter. 
Early stopping counter: 0/50

Starting epoch 7

train_loss_epoch: 0.6611707806587219

Starting eval epoch

eval_loss_epoch: 0.6634325981140137

accuracy: 0.6399999856948853
No improvement above threshold observed, incrementing counter. 
Early stopping counter: 1/50

Starting epoch 8

train_loss_epoch: 0.6779337525367737

Starting eval epoch

eval_loss_epoch: 0.6534128785133362

accuracy: 0.6700000166893005
No improvement above threshold observed, incrementing counter. 
Early stopping counter: 2/50

Starting epoch 9

train_loss_epoch: 0.6810638308525085

Starting eval epoch

eval_loss_epoch: 0.6511499285697937

accuracy: 0.6899999976158142
No improvement above threshold observed, incrementing counter. 
Early stopping counter: 3/50

Starting epoch 10

train_loss_epoch: 0.6534517407417297

Starting eval epoch

eval_loss_epoch: 0.701436460018158

accuracy: 0.75
No improvement above threshold observed, incrementing counter. 
Early stopping counter: 4/50

Starting epoch 11

train_loss_epoch: 0.6633817553520203

Starting eval epoch

eval_loss_epoch: 0.6241116523742676

accuracy: 0.6899999976158142

Improvement of 0.031889498233795166 observed, resetting counter. 
Early stopping counter: 0/50

Starting epoch 12

train_loss_epoch: 0.6713118553161621

Starting eval epoch

eval_loss_epoch: 0.642716646194458

accuracy: 0.699999988079071
No improvement above threshold observed, incrementing counter. 
Early stopping counter: 1/50

Starting epoch 13

train_loss_epoch: 0.6624845862388611

Starting eval epoch

eval_loss_epoch: 0.7488094568252563

accuracy: 0.7400000095367432
No improvement above threshold observed, incrementing counter. 
Early stopping counter: 2/50

Starting epoch 14

train_loss_epoch: 0.6579883694648743

Starting eval epoch

eval_loss_epoch: 0.673909604549408

accuracy: 0.6700000166893005
No improvement above threshold observed, incrementing counter. 
Early stopping counter: 3/50

Starting epoch 15

train_loss_epoch: 0.6604745388031006

Starting eval epoch

eval_loss_epoch: 0.6250326633453369

accuracy: 0.6899999976158142
No improvement above threshold observed, incrementing counter. 
Early stopping counter: 4/50

Starting epoch 16

train_loss_epoch: 0.6736630201339722

Starting eval epoch

eval_loss_epoch: 0.6756749749183655

accuracy: 0.6499999761581421
No improvement above threshold observed, incrementing counter. 
Early stopping counter: 5/50

Starting epoch 17

train_loss_epoch: 0.647412896156311

Starting eval epoch

eval_loss_epoch: 0.6560691595077515

accuracy: 0.7400000095367432
No improvement above threshold observed, incrementing counter. 
Early stopping counter: 6/50

Starting epoch 18

train_loss_epoch: 0.6523792743682861

Starting eval epoch

eval_loss_epoch: 0.7801102995872498

accuracy: 0.6700000166893005
No improvement above threshold observed, incrementing counter. 
Early stopping counter: 7/50

Starting epoch 19

train_loss_epoch: 0.6872422099113464

Starting eval epoch

eval_loss_epoch: 0.64042067527771

accuracy: 0.6800000071525574
No improvement above threshold observed, incrementing counter. 
Early stopping counter: 8/50

Starting epoch 20

train_loss_epoch: 0.6838223934173584

Starting eval epoch

eval_loss_epoch: 0.7599626779556274

accuracy: 0.5
No improvement above threshold observed, incrementing counter. 
Early stopping counter: 9/50

Starting epoch 21

train_loss_epoch: 0.6881223917007446

Starting eval epoch

eval_loss_epoch: 0.6480213403701782

accuracy: 0.5799999833106995
No improvement above threshold observed, incrementing counter. 
Early stopping counter: 10/50

Starting epoch 22

train_loss_epoch: 0.6753683686256409

Starting eval epoch

eval_loss_epoch: 0.6586099863052368

accuracy: 0.6100000143051147
No improvement above threshold observed, incrementing counter. 
Early stopping counter: 11/50

Starting epoch 23

train_loss_epoch: 0.6655268669128418

Starting eval epoch

eval_loss_epoch: 0.6757850646972656

accuracy: 0.5600000023841858
No improvement above threshold observed, incrementing counter. 
Early stopping counter: 12/50

Starting epoch 24

train_loss_epoch: 0.6705148816108704

Starting eval epoch

eval_loss_epoch: 0.6405857801437378

accuracy: 0.6899999976158142
No improvement above threshold observed, incrementing counter. 
Early stopping counter: 13/50

Starting epoch 25

train_loss_epoch: 0.6651240587234497

Starting eval epoch

eval_loss_epoch: 0.6534427404403687

accuracy: 0.7099999785423279
No improvement above threshold observed, incrementing counter. 
Early stopping counter: 14/50

Starting epoch 26

train_loss_epoch: 0.6701363325119019

Starting eval epoch

eval_loss_epoch: 0.6519653797149658

accuracy: 0.6600000262260437
No improvement above threshold observed, incrementing counter. 
Early stopping counter: 15/50

Starting epoch 27

train_loss_epoch: 0.6586245894432068

Starting eval epoch

eval_loss_epoch: 0.6291756629943848

accuracy: 0.7200000286102295
No improvement above threshold observed, incrementing counter. 
Early stopping counter: 16/50

Starting epoch 28

train_loss_epoch: 0.6610069274902344

Starting eval epoch

eval_loss_epoch: 0.6538839936256409

accuracy: 0.7300000190734863
No improvement above threshold observed, incrementing counter. 
Early stopping counter: 17/50

Starting epoch 29

train_loss_epoch: 0.6489788293838501

Starting eval epoch

eval_loss_epoch: 0.6516121029853821

accuracy: 0.6899999976158142
No improvement above threshold observed, incrementing counter. 
Early stopping counter: 18/50

Starting epoch 30

train_loss_epoch: 0.6593361496925354

Starting eval epoch

eval_loss_epoch: 0.6086219549179077

accuracy: 0.699999988079071

Improvement of 0.015489697456359863 observed, resetting counter. 
Early stopping counter: 0/50

Starting epoch 31

train_loss_epoch: 0.653136670589447

Starting eval epoch

eval_loss_epoch: 0.6026257276535034

accuracy: 0.6899999976158142
No improvement above threshold observed, incrementing counter. 
Early stopping counter: 1/50

Starting epoch 32

train_loss_epoch: 0.6562647819519043

Starting eval epoch

eval_loss_epoch: 0.6167141199111938

accuracy: 0.6899999976158142
No improvement above threshold observed, incrementing counter. 
Early stopping counter: 2/50

Starting epoch 33

train_loss_epoch: 0.6738422513008118

Starting eval epoch

eval_loss_epoch: 0.6386832594871521

accuracy: 0.6800000071525574
No improvement above threshold observed, incrementing counter. 
Early stopping counter: 3/50

Starting epoch 34

train_loss_epoch: 0.6623110771179199

Starting eval epoch

eval_loss_epoch: 0.6395763754844666

accuracy: 0.6200000047683716
No improvement above threshold observed, incrementing counter. 
Early stopping counter: 4/50

Starting epoch 35

train_loss_epoch: 0.6751287579536438

Starting eval epoch

eval_loss_epoch: 0.6413117051124573

accuracy: 0.6299999952316284
No improvement above threshold observed, incrementing counter. 
Early stopping counter: 5/50

Starting epoch 36

train_loss_epoch: 0.6672266125679016

Starting eval epoch

eval_loss_epoch: 0.6675214171409607

accuracy: 0.6000000238418579
No improvement above threshold observed, incrementing counter. 
Early stopping counter: 6/50

Starting epoch 37

train_loss_epoch: 0.6626178026199341

Starting eval epoch

eval_loss_epoch: 0.6103898882865906

accuracy: 0.699999988079071
No improvement above threshold observed, incrementing counter. 
Early stopping counter: 7/50

Starting epoch 38

train_loss_epoch: 0.6740753054618835

Starting eval epoch

eval_loss_epoch: 0.6176258325576782

accuracy: 0.6899999976158142
No improvement above threshold observed, incrementing counter. 
Early stopping counter: 8/50

Starting epoch 39

train_loss_epoch: 0.6547639966011047

Starting eval epoch

eval_loss_epoch: 0.6522506475448608

accuracy: 0.6700000166893005
No improvement above threshold observed, incrementing counter. 
Early stopping counter: 9/50

Starting epoch 40

train_loss_epoch: 0.6554030776023865

Starting eval epoch

eval_loss_epoch: 0.6325010657310486

accuracy: 0.6800000071525574
No improvement above threshold observed, incrementing counter. 
Early stopping counter: 10/50

Starting epoch 41

train_loss_epoch: 0.6404302716255188

Starting eval epoch

eval_loss_epoch: 0.6145679354667664

accuracy: 0.6800000071525574
No improvement above threshold observed, incrementing counter. 
Early stopping counter: 11/50

Starting epoch 42

train_loss_epoch: 0.6471303701400757

Starting eval epoch

eval_loss_epoch: 0.6388192772865295

accuracy: 0.6800000071525574
No improvement above threshold observed, incrementing counter. 
Early stopping counter: 12/50

Starting epoch 43

train_loss_epoch: 0.6587781310081482

Starting eval epoch

eval_loss_epoch: 0.5938766002655029

accuracy: 0.7099999785423279

Improvement of 0.014745354652404785 observed, resetting counter. 
Early stopping counter: 0/50

Starting epoch 44

train_loss_epoch: 0.6437442302703857

Starting eval epoch

eval_loss_epoch: 0.636059045791626

accuracy: 0.6899999976158142
No improvement above threshold observed, incrementing counter. 
Early stopping counter: 1/50

Starting epoch 45

train_loss_epoch: 0.640776515007019

Starting eval epoch

eval_loss_epoch: 0.5999314785003662

accuracy: 0.699999988079071
No improvement above threshold observed, incrementing counter. 
Early stopping counter: 2/50

Starting epoch 46

train_loss_epoch: 0.6442407965660095

Starting eval epoch

eval_loss_epoch: 0.6387704610824585

accuracy: 0.7099999785423279
No improvement above threshold observed, incrementing counter. 
Early stopping counter: 3/50

Starting epoch 47

train_loss_epoch: 0.6442748308181763

Starting eval epoch

eval_loss_epoch: 0.6187074780464172

accuracy: 0.7699999809265137
No improvement above threshold observed, incrementing counter. 
Early stopping counter: 4/50

Starting epoch 48

train_loss_epoch: 0.6471889019012451

Starting eval epoch

eval_loss_epoch: 0.5800043940544128

accuracy: 0.7200000286102295

Improvement of 0.013872206211090088 observed, resetting counter. 
Early stopping counter: 0/50

Starting epoch 49

train_loss_epoch: 0.6393572092056274

Starting eval epoch

eval_loss_epoch: 0.5607081055641174

accuracy: 0.75

Improvement of 0.01929628849029541 observed, resetting counter. 
Early stopping counter: 0/50

Starting epoch 50

train_loss_epoch: 0.6310908198356628

Starting eval epoch

eval_loss_epoch: 0.5709825754165649

accuracy: 0.7599999904632568
No improvement above threshold observed, incrementing counter. 
Early stopping counter: 1/50

Starting epoch 51

train_loss_epoch: 0.6358194947242737

Starting eval epoch

eval_loss_epoch: 0.5663505792617798

accuracy: 0.7300000190734863
No improvement above threshold observed, incrementing counter. 
Early stopping counter: 2/50

Starting epoch 52

train_loss_epoch: 0.6435768604278564

Starting eval epoch

eval_loss_epoch: 0.5665299892425537

accuracy: 0.7799999713897705
No improvement above threshold observed, incrementing counter. 
Early stopping counter: 3/50

Starting epoch 53

train_loss_epoch: 0.6351970434188843

Starting eval epoch

eval_loss_epoch: 0.6104602813720703

accuracy: 0.7099999785423279
No improvement above threshold observed, incrementing counter. 
Early stopping counter: 4/50

Starting epoch 54

train_loss_epoch: 0.625052809715271

Starting eval epoch

eval_loss_epoch: 0.6158331036567688

accuracy: 0.7400000095367432
No improvement above threshold observed, incrementing counter. 
Early stopping counter: 5/50

Starting epoch 55

train_loss_epoch: 0.6213050484657288

Starting eval epoch

eval_loss_epoch: 0.5484569668769836

accuracy: 0.7400000095367432

Improvement of 0.012251138687133789 observed, resetting counter. 
Early stopping counter: 0/50

Starting epoch 56

train_loss_epoch: 0.645825207233429

Starting eval epoch

eval_loss_epoch: 0.6114562749862671

accuracy: 0.6499999761581421
No improvement above threshold observed, incrementing counter. 
Early stopping counter: 1/50

Starting epoch 57

train_loss_epoch: 0.6336022019386292

Starting eval epoch

eval_loss_epoch: 0.5360239148139954

accuracy: 0.7400000095367432

Improvement of 0.012433052062988281 observed, resetting counter. 
Early stopping counter: 0/50

Starting epoch 58

train_loss_epoch: 0.6261518597602844

Starting eval epoch

eval_loss_epoch: 0.5397812128067017

accuracy: 0.7799999713897705
No improvement above threshold observed, incrementing counter. 
Early stopping counter: 1/50

Starting epoch 59

train_loss_epoch: 0.6169329285621643

Starting eval epoch

eval_loss_epoch: 0.5094602704048157

accuracy: 0.8299999833106995

Improvement of 0.026563644409179688 observed, resetting counter. 
Early stopping counter: 0/50

Starting epoch 60

train_loss_epoch: 0.6121752858161926

Starting eval epoch

eval_loss_epoch: 0.550564706325531

accuracy: 0.7799999713897705
No improvement above threshold observed, incrementing counter. 
Early stopping counter: 1/50

Starting epoch 61

train_loss_epoch: 0.6174615621566772

Starting eval epoch

eval_loss_epoch: 0.5284956097602844

accuracy: 0.7900000214576721
No improvement above threshold observed, incrementing counter. 
Early stopping counter: 2/50

Starting epoch 62

train_loss_epoch: 0.6109296679496765

Starting eval epoch

eval_loss_epoch: 0.5592966675758362

accuracy: 0.7900000214576721
No improvement above threshold observed, incrementing counter. 
Early stopping counter: 3/50

Starting epoch 63

train_loss_epoch: 0.5794914364814758

Starting eval epoch

eval_loss_epoch: 0.5599837899208069

accuracy: 0.7300000190734863
No improvement above threshold observed, incrementing counter. 
Early stopping counter: 4/50

Starting epoch 64

train_loss_epoch: 0.615670382976532

Starting eval epoch

eval_loss_epoch: 0.5714917778968811

accuracy: 0.75
No improvement above threshold observed, incrementing counter. 
Early stopping counter: 5/50

Starting epoch 65

train_loss_epoch: 0.6302178502082825

Starting eval epoch

eval_loss_epoch: 0.5396862626075745

accuracy: 0.7799999713897705
No improvement above threshold observed, incrementing counter. 
Early stopping counter: 6/50

Starting epoch 66

train_loss_epoch: 0.6119017601013184

Starting eval epoch

eval_loss_epoch: 0.51725172996521

accuracy: 0.7699999809265137
No improvement above threshold observed, incrementing counter. 
Early stopping counter: 7/50

Starting epoch 67

train_loss_epoch: 0.6295974850654602

Starting eval epoch

eval_loss_epoch: 0.5311712026596069

accuracy: 0.7699999809265137
No improvement above threshold observed, incrementing counter. 
Early stopping counter: 8/50

Starting epoch 68

train_loss_epoch: 0.5908498764038086

Starting eval epoch

eval_loss_epoch: 0.5252495408058167

accuracy: 0.7400000095367432
No improvement above threshold observed, incrementing counter. 
Early stopping counter: 9/50

Starting epoch 69

train_loss_epoch: 0.6219977736473083

Starting eval epoch

eval_loss_epoch: 0.5146570801734924

accuracy: 0.7699999809265137
No improvement above threshold observed, incrementing counter. 
Early stopping counter: 10/50

Starting epoch 70

train_loss_epoch: 0.584120512008667

Starting eval epoch

eval_loss_epoch: 0.49832332134246826

accuracy: 0.7900000214576721

Improvement of 0.011136949062347412 observed, resetting counter. 
Early stopping counter: 0/50

Starting epoch 71

train_loss_epoch: 0.5953963994979858

Starting eval epoch

eval_loss_epoch: 0.522944986820221

accuracy: 0.75
No improvement above threshold observed, incrementing counter. 
Early stopping counter: 1/50

Starting epoch 72

train_loss_epoch: 0.5922655463218689

Starting eval epoch

eval_loss_epoch: 0.4941987991333008

accuracy: 0.7599999904632568
No improvement above threshold observed, incrementing counter. 
Early stopping counter: 2/50

Starting epoch 73

train_loss_epoch: 0.5888642072677612

Starting eval epoch

eval_loss_epoch: 0.4764667749404907

accuracy: 0.7699999809265137

Improvement of 0.02185654640197754 observed, resetting counter. 
Early stopping counter: 0/50

Starting epoch 74

train_loss_epoch: 0.5864812731742859

Starting eval epoch

eval_loss_epoch: 0.5226209759712219

accuracy: 0.7699999809265137
No improvement above threshold observed, incrementing counter. 
Early stopping counter: 1/50

Starting epoch 75

train_loss_epoch: 0.6149128079414368

Starting eval epoch

eval_loss_epoch: 0.4876905679702759

accuracy: 0.800000011920929
No improvement above threshold observed, incrementing counter. 
Early stopping counter: 2/50

Starting epoch 76

train_loss_epoch: 0.5748746395111084

Starting eval epoch

eval_loss_epoch: 0.5200555324554443

accuracy: 0.7599999904632568
No improvement above threshold observed, incrementing counter. 
Early stopping counter: 3/50

Starting epoch 77

train_loss_epoch: 0.603286623954773

Starting eval epoch

eval_loss_epoch: 0.5217458605766296

accuracy: 0.7699999809265137
No improvement above threshold observed, incrementing counter. 
Early stopping counter: 4/50

Starting epoch 78

train_loss_epoch: 0.5459538102149963

Starting eval epoch

eval_loss_epoch: 0.49270904064178467

accuracy: 0.8100000023841858
No improvement above threshold observed, incrementing counter. 
Early stopping counter: 5/50

Starting epoch 79

train_loss_epoch: 0.5917702913284302

Starting eval epoch

eval_loss_epoch: 0.48061075806617737

accuracy: 0.7699999809265137
No improvement above threshold observed, incrementing counter. 
Early stopping counter: 6/50

Starting epoch 80

train_loss_epoch: 0.5780099630355835

Starting eval epoch

eval_loss_epoch: 0.5185481905937195

accuracy: 0.7799999713897705
No improvement above threshold observed, incrementing counter. 
Early stopping counter: 7/50

Starting epoch 81

train_loss_epoch: 0.5529586672782898

Starting eval epoch

eval_loss_epoch: 0.5391033887863159

accuracy: 0.75
No improvement above threshold observed, incrementing counter. 
Early stopping counter: 8/50

Starting epoch 82

train_loss_epoch: 0.5870022177696228

Starting eval epoch

eval_loss_epoch: 0.5494919419288635

accuracy: 0.75
No improvement above threshold observed, incrementing counter. 
Early stopping counter: 9/50

Starting epoch 83

train_loss_epoch: 0.5597646236419678

Starting eval epoch

eval_loss_epoch: 0.5433413982391357

accuracy: 0.75
No improvement above threshold observed, incrementing counter. 
Early stopping counter: 10/50

Starting epoch 84

train_loss_epoch: 0.5479665994644165

Starting eval epoch

eval_loss_epoch: 0.5399526357650757

accuracy: 0.7900000214576721
No improvement above threshold observed, incrementing counter. 
Early stopping counter: 11/50

Starting epoch 85

train_loss_epoch: 0.5896051526069641

Starting eval epoch

eval_loss_epoch: 0.5495051741600037

accuracy: 0.7799999713897705
No improvement above threshold observed, incrementing counter. 
Early stopping counter: 12/50

Starting epoch 86

train_loss_epoch: 0.5641621947288513

Starting eval epoch

eval_loss_epoch: 0.5640959739685059

accuracy: 0.7599999904632568
No improvement above threshold observed, incrementing counter. 
Early stopping counter: 13/50

Starting epoch 87

train_loss_epoch: 0.5304352641105652

Starting eval epoch

eval_loss_epoch: 0.5688019394874573

accuracy: 0.7699999809265137
No improvement above threshold observed, incrementing counter. 
Early stopping counter: 14/50

Starting epoch 88

train_loss_epoch: 0.5653951168060303

Starting eval epoch

eval_loss_epoch: 0.5556036233901978

accuracy: 0.7900000214576721
No improvement above threshold observed, incrementing counter. 
Early stopping counter: 15/50

Starting epoch 89

train_loss_epoch: 0.558524489402771

Starting eval epoch

eval_loss_epoch: 0.5511820316314697

accuracy: 0.8100000023841858
No improvement above threshold observed, incrementing counter. 
Early stopping counter: 16/50

Starting epoch 90

train_loss_epoch: 0.5534544587135315

Starting eval epoch

eval_loss_epoch: 0.5546772480010986

accuracy: 0.8100000023841858
No improvement above threshold observed, incrementing counter. 
Early stopping counter: 17/50

Starting epoch 91

train_loss_epoch: 0.587398886680603

Starting eval epoch

eval_loss_epoch: 0.5567396879196167

accuracy: 0.7900000214576721
No improvement above threshold observed, incrementing counter. 
Early stopping counter: 18/50

Starting epoch 92

train_loss_epoch: 0.5513973832130432

Starting eval epoch

eval_loss_epoch: 0.565959632396698

accuracy: 0.7799999713897705
No improvement above threshold observed, incrementing counter. 
Early stopping counter: 19/50

Starting epoch 93

train_loss_epoch: 0.5404947996139526

Starting eval epoch

eval_loss_epoch: 0.5453621745109558

accuracy: 0.7900000214576721
No improvement above threshold observed, incrementing counter. 
Early stopping counter: 20/50

Starting epoch 94

train_loss_epoch: 0.5465167164802551

Starting eval epoch

eval_loss_epoch: 0.5382363200187683

accuracy: 0.800000011920929
No improvement above threshold observed, incrementing counter. 
Early stopping counter: 21/50

Starting epoch 95

train_loss_epoch: 0.5595635771751404

Starting eval epoch

eval_loss_epoch: 0.546101450920105

accuracy: 0.7799999713897705
No improvement above threshold observed, incrementing counter. 
Early stopping counter: 22/50

Starting epoch 96

train_loss_epoch: 0.5469979047775269

Starting eval epoch

eval_loss_epoch: 0.559761106967926

accuracy: 0.7799999713897705
No improvement above threshold observed, incrementing counter. 
Early stopping counter: 23/50

Starting epoch 97

train_loss_epoch: 0.5553378462791443

Starting eval epoch

eval_loss_epoch: 0.537747859954834

accuracy: 0.7900000214576721
No improvement above threshold observed, incrementing counter. 
Early stopping counter: 24/50

Starting epoch 98

train_loss_epoch: 0.5559227466583252

Starting eval epoch

eval_loss_epoch: 0.5458981394767761

accuracy: 0.800000011920929
No improvement above threshold observed, incrementing counter. 
Early stopping counter: 25/50

Starting epoch 99

train_loss_epoch: 0.586841344833374

Starting eval epoch

eval_loss_epoch: 0.5566699504852295

accuracy: 0.7599999904632568
No improvement above threshold observed, incrementing counter. 
Early stopping counter: 26/50

Starting epoch 100

train_loss_epoch: 0.534129798412323

Starting eval epoch

eval_loss_epoch: 0.5448191165924072

accuracy: 0.7900000214576721
No improvement above threshold observed, incrementing counter. 
Early stopping counter: 27/50
Finishing training run
Loading checkpoint with eval_loss_epoch: 0.4764667749404907 from epoch 73
wandb: - 0.004 MB of 0.004 MB uploadedwandb: \ 0.004 MB of 0.004 MB uploadedwandb: | 0.004 MB of 0.038 MB uploadedwandb: / 0.013 MB of 0.038 MB uploadedwandb: - 0.038 MB of 0.038 MB uploadedwandb: 
wandb: Run history:
wandb:         accuracy ▃▄▄▄▄▆▃▄▂▁▄▅▄▃▂▄▄▄▅▆▅▆▃█▇▆▆▆▆▆▆▆▆▇▆▇▇▇▇▇
wandb:  eval_loss_epoch ▇█▄▄▄▆▅▇▄▅▄▄▃▄▅▄▄▄▄▃▃▄▃▂▂▃▂▂▁▂▂▁▂▂▃▂▃▂▂▂
wandb: train_loss_epoch █▆▆▆▆▆▆▅▆▆▆▅▅▆▆▅▅▅▅▅▅▄▅▄▄▄▄▄▃▃▄▃▃▂▁▂▂▂▂▁
wandb: 
wandb: Run summary:
wandb:         accuracy 0.79
wandb:  eval_loss_epoch 0.54482
wandb: train_loss_epoch 0.53413
wandb: 
wandb: 🚀 View run 16b_norm_50e_finetune at: https://wandb.ai/kaichenchai/dicom_comparison/runs/0xj0zjv2/workspace
wandb: Synced 6 W&B file(s), 0 media file(s), 0 artifact file(s) and 0 other file(s)
wandb: Find logs at: ./wandb/run-20250921_134845-0xj0zjv2/logs
